# JRE version: Java(TM) SE Runtime Environment (8.0_101-b13) (build 1.8.0_101-b13)
# Java VM: Java HotSpot(TM) 64-Bit Server VM (25.101-b13 mixed mode windows-amd64 compressed oops)
Heap:
 PSYoungGen      total 38400K, used 13101K [0x00000000d5980000, 0x00000000d8400000, 0x0000000100000000)
  eden space 33280K, 39% used [0x00000000d5980000,0x00000000d664b710,0x00000000d7a00000)
  from space 5120K, 0% used [0x00000000d7f00000,0x00000000d7f00000,0x00000000d8400000)
  to   space 5120K, 0% used [0x00000000d7a00000,0x00000000d7a00000,0x00000000d7f00000)
 ParOldGen       total 87552K, used 31515K [0x0000000080c00000, 0x0000000086180000, 0x00000000d5980000)
  object space 87552K, 35% used [0x0000000080c00000,0x0000000082ac6d80,0x0000000086180000)
 Metaspace       used 13442K, capacity 13652K, committed 13952K, reserved 1060864K
  class space    used 1785K, capacity 1864K, committed 1920K, reserved 1048576K
GC Heap History (6 events):
Event: 10.378 GC heap before
{Heap before GC invocations=1 (full 0):
 PSYoungGen      total 38400K, used 25504K [0x00000000d5980000, 0x00000000d8400000, 0x0000000100000000)
  eden space 33280K, 76% used [0x00000000d5980000,0x00000000d7268180,0x00000000d7a00000)
  from space 5120K, 0% used [0x00000000d7f00000,0x00000000d7f00000,0x00000000d8400000)
  to   space 5120K, 0% used [0x00000000d7a00000,0x00000000d7a00000,0x00000000d7f00000)
 ParOldGen       total 87552K, used 0K [0x0000000080c00000, 0x0000000086180000, 0x00000000d5980000)
  object space 87552K, 0% used [0x0000000080c00000,0x0000000080c00000,0x0000000086180000)
 Metaspace       used 13096K, capacity 13300K, committed 13440K, reserved 1060864K
  class space    used 1745K, capacity 1832K, committed 1920K, reserved 1048576K
Event: 10.415 GC heap after
Heap after GC invocations=1 (full 0):
 PSYoungGen      total 38400K, used 5102K [0x00000000d5980000, 0x00000000d8400000, 0x0000000100000000)
  eden space 33280K, 0% used [0x00000000d5980000,0x00000000d5980000,0x00000000d7a00000)
  from space 5120K, 99% used [0x00000000d7a00000,0x00000000d7efb840,0x00000000d7f00000)
  to   space 5120K, 0% used [0x00000000d7f00000,0x00000000d7f00000,0x00000000d8400000)
 ParOldGen       total 87552K, used 8024K [0x0000000080c00000, 0x0000000086180000, 0x00000000d5980000)
  object space 87552K, 9% used [0x0000000080c00000,0x00000000813d6020,0x0000000086180000)
 Metaspace       used 13096K, capacity 13300K, committed 13440K, reserved 1060864K
  class space    used 1745K, capacity 1832K, committed 1920K, reserved 1048576K
}
Event: 10.916 GC heap before
{Heap before GC invocations=2 (full 0):
 PSYoungGen      total 38400K, used 38382K [0x00000000d5980000, 0x00000000d8400000, 0x0000000100000000)
  eden space 33280K, 100% used [0x00000000d5980000,0x00000000d7a00000,0x00000000d7a00000)
  from space 5120K, 99% used [0x00000000d7a00000,0x00000000d7efb840,0x00000000d7f00000)
  to   space 5120K, 0% used [0x00000000d7f00000,0x00000000d7f00000,0x00000000d8400000)
 ParOldGen       total 87552K, used 8024K [0x0000000080c00000, 0x0000000086180000, 0x00000000d5980000)
  object space 87552K, 9% used [0x0000000080c00000,0x00000000813d6020,0x0000000086180000)
 Metaspace       used 13226K, capacity 13460K, committed 13696K, reserved 1060864K
  class space    used 1764K, capacity 1864K, committed 1920K, reserved 1048576K
Event: 10.937 GC heap after
Heap after GC invocations=2 (full 0):
 PSYoungGen      total 38400K, used 5102K [0x00000000d5980000, 0x00000000d8400000, 0x0000000100000000)
  eden space 33280K, 0% used [0x00000000d5980000,0x00000000d5980000,0x00000000d7a00000)
  from space 5120K, 99% used [0x00000000d7f00000,0x00000000d83fb840,0x00000000d8400000)
  to   space 5120K, 0% used [0x00000000d7a00000,0x00000000d7a00000,0x00000000d7f00000)
 ParOldGen       total 87552K, used 45245K [0x0000000080c00000, 0x0000000086180000, 0x00000000d5980000)
  object space 87552K, 51% used [0x0000000080c00000,0x000000008382f460,0x0000000086180000)
 Metaspace       used 13226K, capacity 13460K, committed 13696K, reserved 1060864K
  class space    used 1764K, capacity 1864K, committed 1920K, reserved 1048576K
}
Event: 10.937 GC heap before
{Heap before GC invocations=3 (full 1):
 PSYoungGen      total 38400K, used 5102K [0x00000000d5980000, 0x00000000d8400000, 0x0000000100000000)
  eden space 33280K, 0% used [0x00000000d5980000,0x00000000d5980000,0x00000000d7a00000)
  from space 5120K, 99% used [0x00000000d7f00000,0x00000000d83fb840,0x00000000d8400000)
  to   space 5120K, 0% used [0x00000000d7a00000,0x00000000d7a00000,0x00000000d7f00000)
 ParOldGen       total 87552K, used 45245K [0x0000000080c00000, 0x0000000086180000, 0x00000000d5980000)
  object space 87552K, 51% used [0x0000000080c00000,0x000000008382f460,0x0000000086180000)
 Metaspace       used 13226K, capacity 13460K, committed 13696K, reserved 1060864K
  class space    used 1764K, capacity 1864K, committed 1920K, reserved 1048576K
Event: 10.962 GC heap after
Heap after GC invocations=3 (full 1):
 PSYoungGen      total 38400K, used 0K [0x00000000d5980000, 0x00000000d8400000, 0x0000000100000000)
  eden space 33280K, 0% used [0x00000000d5980000,0x00000000d5980000,0x00000000d7a00000)
  from space 5120K, 0% used [0x00000000d7f00000,0x00000000d7f00000,0x00000000d8400000)
  to   space 5120K, 0% used [0x00000000d7a00000,0x00000000d7a00000,0x00000000d7f00000)
 ParOldGen       total 87552K, used 31515K [0x0000000080c00000, 0x0000000086180000, 0x00000000d5980000)
  object space 87552K, 35% used [0x0000000080c00000,0x0000000082ac6d80,0x0000000086180000)
 Metaspace       used 13226K, capacity 13460K, committed 13696K, reserved 1060864K
  class space    used 1764K, capacity 1864K, committed 1920K, reserved 1048576K
}

